<?xml version="1.0" encoding="UTF-8"?>
<!-- Generated by org.testng.reporters.JUnitReportReporter -->
<testsuite skipped="0" hostname="DESKTOP-T08B9A3" name="com.crm.qa.testcases.LoginPageTest" tests="3" failures="0" timestamp="2020-04-30T11:07:40 IST" time="51.143" errors="0">
  <testcase name="loginPageTitleTest" time="10.650" classname="com.crm.qa.testcases.LoginPageTest"/>
  <system-out/>
  <testcase name="crmLogoTest" time="19.536" classname="com.crm.qa.testcases.LoginPageTest"/>
  <system-out/>
  <testcase name="logintest" time="20.957" classname="com.crm.qa.testcases.LoginPageTest"/>
  <system-out/>
</testsuite> <!-- com.crm.qa.testcases.LoginPageTest -->
