<?xml version="1.0" encoding="UTF-8"?>
<!-- Generated by org.testng.reporters.JUnitReportReporter -->
<testsuite skipped="0" hostname="DESKTOP-T08B9A3" name="com.crm.qa.testcases.HomePageTest" tests="3" failures="0" timestamp="2020-04-30T11:07:40 IST" time="73.164" errors="0">
  <testcase name="VerifyHomepagetitletest" time="22.782" classname="com.crm.qa.testcases.HomePageTest"/>
  <system-out/>
  <testcase name="VerifyUsernameTest" time="18.979" classname="com.crm.qa.testcases.HomePageTest"/>
  <system-out/>
  <testcase name="VerifycontactlinkTest" time="31.403" classname="com.crm.qa.testcases.HomePageTest"/>
  <system-out/>
</testsuite> <!-- com.crm.qa.testcases.HomePageTest -->
